This file contains any messages produced by compilers while
running configure, to aid debugging if configure makes a mistake.

It was created by configure, which was
generated by GNU Autoconf 2.59.  Invocation command line was

  $ ./configure 

## --------- ##
## Platform. ##
## --------- ##

hostname = ubuntu-96
uname -m = i686
uname -r = 3.5.0-23-generic
uname -s = Linux
uname -v = #35~precise1-Ubuntu SMP Fri Jan 25 17:15:33 UTC 2013

/usr/bin/uname -p = unknown
/bin/uname -X     = unknown

/bin/arch              = unknown
/usr/bin/arch -k       = unknown
/usr/convex/getsysinfo = unknown
hostinfo               = unknown
/bin/machine           = unknown
/usr/bin/oslevel       = unknown
/bin/universe          = unknown

PATH: /bin
PATH: /usr/bin
PATH: /usr/X11R6/bin
PATH: /usr/local/bin


## ----------- ##
## Core tests. ##
## ----------- ##

configure:1370: checking for a BSD-compatible install
configure:1425: result: /usr/bin/install -c
configure:1436: checking whether build environment is sane
configure:1479: result: yes
configure:1494: checking whether make sets $(MAKE)
configure:1514: result: yes
configure:1546: checking for working aclocal
configure:1553: result: found
configure:1561: checking for working autoconf
configure:1568: result: found
configure:1576: checking for working automake
configure:1583: result: found
configure:1591: checking for working autoheader
configure:1598: result: found
configure:1606: checking for working makeinfo
configure:1617: result: missing
configure:1629: checking build system type
configure:1647: result: i686-pc-linux-gnu
configure:1655: checking host system type
configure:1669: result: i686-pc-linux-gnu
configure:1692: checking for wininet-config
configure:1719: result: no
configure:1727: You don't appear to have Wininet installed (no working wininet-config in your command search path), so we will not build the Wininet client XML transport
configure:1737: checking whether to build Wininet client XML transport module
configure:1739: result: no
configure:1755: checking for curl-config
configure:1782: result: no
configure:1790: You don't appear to have Curl installed (no working curl-config in your command search path), so we will not build the Curl client XML transport
configure:1800: checking whether to build Curl client XML transport module
configure:1802: result: no
configure:1818: checking for libwww-config
configure:1845: result: no
configure:1853: You don't appear to have Libwww installed (no working libwww-config in your command search path), so we will not build the Libwww client XML transport
configure:1863: checking whether to build Libwww client XML transport module
configure:1865: result: no
configure:1929: checking for gcc
configure:1945: found /usr/bin/gcc
configure:1955: result: gcc
configure:2199: checking for C compiler version
configure:2202: gcc --version </dev/null >&5
gcc (Ubuntu/Linaro 4.6.3-1ubuntu5) 4.6.3
Copyright (C) 2011 Free Software Foundation, Inc.
This is free software; see the source for copying conditions.  There is NO
warranty; not even for MERCHANTABILITY or FITNESS FOR A PARTICULAR PURPOSE.

configure:2205: $? = 0
configure:2207: gcc -v </dev/null >&5
Using built-in specs.
COLLECT_GCC=gcc
COLLECT_LTO_WRAPPER=/usr/lib/gcc/i686-linux-gnu/4.6/lto-wrapper
Target: i686-linux-gnu
Configured with: ../src/configure -v --with-pkgversion='Ubuntu/Linaro 4.6.3-1ubuntu5' --with-bugurl=file:///usr/share/doc/gcc-4.6/README.Bugs --enable-languages=c,c++,fortran,objc,obj-c++ --prefix=/usr --program-suffix=-4.6 --enable-shared --enable-linker-build-id --with-system-zlib --libexecdir=/usr/lib --without-included-gettext --enable-threads=posix --with-gxx-include-dir=/usr/include/c++/4.6 --libdir=/usr/lib --enable-nls --with-sysroot=/ --enable-clocale=gnu --enable-libstdcxx-debug --enable-libstdcxx-time=yes --enable-gnu-unique-object --enable-plugin --enable-objc-gc --enable-targets=all --disable-werror --with-arch-32=i686 --with-tune=generic --enable-checking=release --build=i686-linux-gnu --host=i686-linux-gnu --target=i686-linux-gnu
Thread model: posix
gcc version 4.6.3 (Ubuntu/Linaro 4.6.3-1ubuntu5) 
configure:2210: $? = 0
configure:2212: gcc -V </dev/null >&5
gcc: error: unrecognized option '-V'
gcc: fatal error: no input files
compilation terminated.
configure:2215: $? = 4
configure:2238: checking for C compiler default output file name
configure:2241: gcc    conftest.c  >&5
configure:2244: $? = 0
configure:2290: result: a.out
configure:2295: checking whether the C compiler works
configure:2301: ./a.out
configure:2304: $? = 0
configure:2321: result: yes
configure:2328: checking whether we are cross compiling
configure:2330: result: no
configure:2333: checking for suffix of executables
configure:2335: gcc -o conftest    conftest.c  >&5
configure:2338: $? = 0
configure:2363: result: 
configure:2369: checking for suffix of object files
configure:2390: gcc -c   conftest.c >&5
configure:2393: $? = 0
configure:2415: result: o
configure:2419: checking whether we are using the GNU C compiler
configure:2443: gcc -c   conftest.c >&5
configure:2449: $? = 0
configure:2453: test -z 
			 || test ! -s conftest.err
configure:2456: $? = 0
configure:2459: test -s conftest.o
configure:2462: $? = 0
configure:2475: result: yes
configure:2481: checking whether gcc accepts -g
configure:2502: gcc -c -g  conftest.c >&5
configure:2508: $? = 0
configure:2512: test -z 
			 || test ! -s conftest.err
configure:2515: $? = 0
configure:2518: test -s conftest.o
configure:2521: $? = 0
configure:2532: result: yes
configure:2549: checking for gcc option to accept ANSI C
configure:2619: gcc  -c -g -O2  conftest.c >&5
configure:2625: $? = 0
configure:2629: test -z 
			 || test ! -s conftest.err
configure:2632: $? = 0
configure:2635: test -s conftest.o
configure:2638: $? = 0
configure:2656: result: none needed
configure:2674: gcc -c -g -O2  conftest.c >&5
conftest.c:2:3: error: unknown type name 'choke'
conftest.c:2:3: error: expected '=', ',', ';', 'asm' or '__attribute__' at end of input
configure:2680: $? = 1
configure: failed program was:
| #ifndef __cplusplus
|   choke me
| #endif
configure:2814: checking for main in -lncurses
configure:2838: gcc -o conftest -g -O2   conftest.c -lncurses   >&5
/usr/bin/ld: cannot find -lncurses
collect2: ld returned 1 exit status
configure:2844: $? = 1
configure: failed program was:
| /* confdefs.h.  */
| 
| #define PACKAGE_NAME ""
| #define PACKAGE_TARNAME ""
| #define PACKAGE_VERSION ""
| #define PACKAGE_STRING ""
| #define PACKAGE_BUGREPORT ""
| #define PACKAGE "xmlrpc-c"
| #define VERSION "x.xx"
| /* end confdefs.h.  */
| 
| 
| int
| main ()
| {
| main ();
|   ;
|   return 0;
| }
configure:2870: result: no
configure:2878: checking for main in -lreadline
configure:2902: gcc -o conftest -g -O2   conftest.c -lreadline   >&5
/usr/bin/ld: cannot find -lreadline
collect2: ld returned 1 exit status
configure:2908: $? = 1
configure: failed program was:
| /* confdefs.h.  */
| 
| #define PACKAGE_NAME ""
| #define PACKAGE_TARNAME ""
| #define PACKAGE_VERSION ""
| #define PACKAGE_STRING ""
| #define PACKAGE_BUGREPORT ""
| #define PACKAGE "xmlrpc-c"
| #define VERSION "x.xx"
| /* end confdefs.h.  */
| 
| 
| int
| main ()
| {
| main ();
|   ;
|   return 0;
| }
configure:2934: result: no
configure:2943: checking whether to build tools
configure:2959: result: no
configure:2998: checking whether to build Abyss server module
configure:3007: result: yes
configure:3031: checking whether to build CGI server module
configure:3040: result: yes
configure:3045: checking whether to build C++ wrappers and tools
configure:3054: result: yes
configure:3133: checking for gcc
configure:3159: result: gcc
configure:3403: checking for C compiler version
configure:3406: gcc --version </dev/null >&5
gcc (Ubuntu/Linaro 4.6.3-1ubuntu5) 4.6.3
Copyright (C) 2011 Free Software Foundation, Inc.
This is free software; see the source for copying conditions.  There is NO
warranty; not even for MERCHANTABILITY or FITNESS FOR A PARTICULAR PURPOSE.

configure:3409: $? = 0
configure:3411: gcc -v </dev/null >&5
Using built-in specs.
COLLECT_GCC=gcc
COLLECT_LTO_WRAPPER=/usr/lib/gcc/i686-linux-gnu/4.6/lto-wrapper
Target: i686-linux-gnu
Configured with: ../src/configure -v --with-pkgversion='Ubuntu/Linaro 4.6.3-1ubuntu5' --with-bugurl=file:///usr/share/doc/gcc-4.6/README.Bugs --enable-languages=c,c++,fortran,objc,obj-c++ --prefix=/usr --program-suffix=-4.6 --enable-shared --enable-linker-build-id --with-system-zlib --libexecdir=/usr/lib --without-included-gettext --enable-threads=posix --with-gxx-include-dir=/usr/include/c++/4.6 --libdir=/usr/lib --enable-nls --with-sysroot=/ --enable-clocale=gnu --enable-libstdcxx-debug --enable-libstdcxx-time=yes --enable-gnu-unique-object --enable-plugin --enable-objc-gc --enable-targets=all --disable-werror --with-arch-32=i686 --with-tune=generic --enable-checking=release --build=i686-linux-gnu --host=i686-linux-gnu --target=i686-linux-gnu
Thread model: posix
gcc version 4.6.3 (Ubuntu/Linaro 4.6.3-1ubuntu5) 
configure:3414: $? = 0
configure:3416: gcc -V </dev/null >&5
gcc: error: unrecognized option '-V'
gcc: fatal error: no input files
compilation terminated.
configure:3419: $? = 4
configure:3422: checking whether we are using the GNU C compiler
configure:3478: result: yes
configure:3484: checking whether gcc accepts -g
configure:3535: result: yes
configure:3552: checking for gcc option to accept ANSI C
configure:3659: result: none needed
configure:3677: gcc -c -g -O2  conftest.c >&5
conftest.c:2:3: error: unknown type name 'choke'
conftest.c:2:3: error: expected '=', ',', ';', 'asm' or '__attribute__' at end of input
configure:3683: $? = 1
configure: failed program was:
| #ifndef __cplusplus
|   choke me
| #endif
configure:3869: checking for g++
configure:3885: found /usr/bin/g++
configure:3895: result: g++
configure:3911: checking for C++ compiler version
configure:3914: g++ --version </dev/null >&5
g++ (Ubuntu/Linaro 4.6.3-1ubuntu5) 4.6.3
Copyright (C) 2011 Free Software Foundation, Inc.
This is free software; see the source for copying conditions.  There is NO
warranty; not even for MERCHANTABILITY or FITNESS FOR A PARTICULAR PURPOSE.

configure:3917: $? = 0
configure:3919: g++ -v </dev/null >&5
Using built-in specs.
COLLECT_GCC=g++
COLLECT_LTO_WRAPPER=/usr/lib/gcc/i686-linux-gnu/4.6/lto-wrapper
Target: i686-linux-gnu
Configured with: ../src/configure -v --with-pkgversion='Ubuntu/Linaro 4.6.3-1ubuntu5' --with-bugurl=file:///usr/share/doc/gcc-4.6/README.Bugs --enable-languages=c,c++,fortran,objc,obj-c++ --prefix=/usr --program-suffix=-4.6 --enable-shared --enable-linker-build-id --with-system-zlib --libexecdir=/usr/lib --without-included-gettext --enable-threads=posix --with-gxx-include-dir=/usr/include/c++/4.6 --libdir=/usr/lib --enable-nls --with-sysroot=/ --enable-clocale=gnu --enable-libstdcxx-debug --enable-libstdcxx-time=yes --enable-gnu-unique-object --enable-plugin --enable-objc-gc --enable-targets=all --disable-werror --with-arch-32=i686 --with-tune=generic --enable-checking=release --build=i686-linux-gnu --host=i686-linux-gnu --target=i686-linux-gnu
Thread model: posix
gcc version 4.6.3 (Ubuntu/Linaro 4.6.3-1ubuntu5) 
configure:3922: $? = 0
configure:3924: g++ -V </dev/null >&5
g++: error: unrecognized option '-V'
g++: fatal error: no input files
compilation terminated.
configure:3927: $? = 4
configure:3930: checking whether we are using the GNU C++ compiler
configure:3954: g++ -c   conftest.cc >&5
configure:3960: $? = 0
configure:3964: test -z 
			 || test ! -s conftest.err
configure:3967: $? = 0
configure:3970: test -s conftest.o
configure:3973: $? = 0
configure:3986: result: yes
configure:3992: checking whether g++ accepts -g
configure:4013: g++ -c -g  conftest.cc >&5
configure:4019: $? = 0
configure:4023: test -z 
			 || test ! -s conftest.err
configure:4026: $? = 0
configure:4029: test -s conftest.o
configure:4032: $? = 0
configure:4043: result: yes
configure:4085: g++ -c -g -O2  conftest.cc >&5
configure:4091: $? = 0
configure:4095: test -z 
			 || test ! -s conftest.err
configure:4098: $? = 0
configure:4101: test -s conftest.o
configure:4104: $? = 0
configure:4130: g++ -c -g -O2  conftest.cc >&5
conftest.cc: In function 'int main()':
conftest.cc:15:9: error: 'exit' was not declared in this scope
configure:4136: $? = 1
configure: failed program was:
| /* confdefs.h.  */
| 
| #define PACKAGE_NAME ""
| #define PACKAGE_TARNAME ""
| #define PACKAGE_VERSION ""
| #define PACKAGE_STRING ""
| #define PACKAGE_BUGREPORT ""
| #define PACKAGE "xmlrpc-c"
| #define VERSION "x.xx"
| /* end confdefs.h.  */
| 
| int
| main ()
| {
| exit (42);
|   ;
|   return 0;
| }
configure:4085: g++ -c -g -O2  conftest.cc >&5
conftest.cc:11:40: error: 'void std::exit(int)' should have been declared inside 'std'
configure:4091: $? = 1
configure: failed program was:
| /* confdefs.h.  */
| 
| #define PACKAGE_NAME ""
| #define PACKAGE_TARNAME ""
| #define PACKAGE_VERSION ""
| #define PACKAGE_STRING ""
| #define PACKAGE_BUGREPORT ""
| #define PACKAGE "xmlrpc-c"
| #define VERSION "x.xx"
| /* end confdefs.h.  */
| extern "C" void std::exit (int) throw (); using std::exit;
| #include <stdlib.h>
| int
| main ()
| {
| exit (42);
|   ;
|   return 0;
| }
configure:4085: g++ -c -g -O2  conftest.cc >&5
conftest.cc:11:31: error: 'void std::exit(int)' should have been declared inside 'std'
In file included from conftest.cc:12:0:
/usr/include/stdlib.h:544:70: error: declaration of 'void std::exit(int) throw ()' has a different exception specifier
conftest.cc:11:17: error: from previous declaration 'void std::exit(int)'
configure:4091: $? = 1
configure: failed program was:
| /* confdefs.h.  */
| 
| #define PACKAGE_NAME ""
| #define PACKAGE_TARNAME ""
| #define PACKAGE_VERSION ""
| #define PACKAGE_STRING ""
| #define PACKAGE_BUGREPORT ""
| #define PACKAGE "xmlrpc-c"
| #define VERSION "x.xx"
| /* end confdefs.h.  */
| extern "C" void std::exit (int); using std::exit;
| #include <stdlib.h>
| int
| main ()
| {
| exit (42);
|   ;
|   return 0;
| }
configure:4085: g++ -c -g -O2  conftest.cc >&5
configure:4091: $? = 0
configure:4095: test -z 
			 || test ! -s conftest.err
configure:4098: $? = 0
configure:4101: test -s conftest.o
configure:4104: $? = 0
configure:4130: g++ -c -g -O2  conftest.cc >&5
configure:4136: $? = 0
configure:4140: test -z 
			 || test ! -s conftest.err
configure:4143: $? = 0
configure:4146: test -s conftest.o
configure:4149: $? = 0
configure:4181: checking for socket
configure:4238: gcc -o conftest -g -O2   conftest.c  >&5
configure:4244: $? = 0
configure:4248: test -z 
			 || test ! -s conftest.err
configure:4251: $? = 0
configure:4254: test -s conftest
configure:4257: $? = 0
configure:4269: result: yes
configure:4374: checking how to run the C preprocessor
configure:4409: gcc -E  conftest.c
configure:4415: $? = 0
configure:4447: gcc -E  conftest.c
conftest.c:14:28: fatal error: ac_nonexistent.h: No such file or directory
compilation terminated.
configure:4453: $? = 1
configure: failed program was:
| /* confdefs.h.  */
| 
| #define PACKAGE_NAME ""
| #define PACKAGE_TARNAME ""
| #define PACKAGE_VERSION ""
| #define PACKAGE_STRING ""
| #define PACKAGE_BUGREPORT ""
| #define PACKAGE "xmlrpc-c"
| #define VERSION "x.xx"
| #ifdef __cplusplus
| extern "C" void exit (int) throw ();
| #endif
| /* end confdefs.h.  */
| #include <ac_nonexistent.h>
configure:4492: result: gcc -E
configure:4516: gcc -E  conftest.c
configure:4522: $? = 0
configure:4554: gcc -E  conftest.c
conftest.c:14:28: fatal error: ac_nonexistent.h: No such file or directory
compilation terminated.
configure:4560: $? = 1
configure: failed program was:
| /* confdefs.h.  */
| 
| #define PACKAGE_NAME ""
| #define PACKAGE_TARNAME ""
| #define PACKAGE_VERSION ""
| #define PACKAGE_STRING ""
| #define PACKAGE_BUGREPORT ""
| #define PACKAGE "xmlrpc-c"
| #define VERSION "x.xx"
| #ifdef __cplusplus
| extern "C" void exit (int) throw ();
| #endif
| /* end confdefs.h.  */
| #include <ac_nonexistent.h>
configure:4604: checking for egrep
configure:4614: result: grep -E
configure:4619: checking for ANSI C header files
configure:4644: gcc -c -g -O2  conftest.c >&5
configure:4650: $? = 0
configure:4654: test -z 
			 || test ! -s conftest.err
configure:4657: $? = 0
configure:4660: test -s conftest.o
configure:4663: $? = 0
configure:4752: gcc -o conftest -g -O2   conftest.c  >&5
conftest.c: In function 'main':
conftest.c:31:7: warning: incompatible implicit declaration of built-in function 'exit' [enabled by default]
configure:4755: $? = 0
configure:4757: ./conftest
configure:4760: $? = 0
configure:4775: result: yes
configure:4801: checking for sys/types.h
configure:4817: gcc -c -g -O2  conftest.c >&5
configure:4823: $? = 0
configure:4827: test -z 
			 || test ! -s conftest.err
configure:4830: $? = 0
configure:4833: test -s conftest.o
configure:4836: $? = 0
configure:4847: result: yes
configure:4801: checking for sys/stat.h
configure:4817: gcc -c -g -O2  conftest.c >&5
configure:4823: $? = 0
configure:4827: test -z 
			 || test ! -s conftest.err
configure:4830: $? = 0
configure:4833: test -s conftest.o
configure:4836: $? = 0
configure:4847: result: yes
configure:4801: checking for stdlib.h
configure:4817: gcc -c -g -O2  conftest.c >&5
configure:4823: $? = 0
configure:4827: test -z 
			 || test ! -s conftest.err
configure:4830: $? = 0
configure:4833: test -s conftest.o
configure:4836: $? = 0
configure:4847: result: yes
configure:4801: checking for string.h
configure:4817: gcc -c -g -O2  conftest.c >&5
configure:4823: $? = 0
configure:4827: test -z 
			 || test ! -s conftest.err
configure:4830: $? = 0
configure:4833: test -s conftest.o
configure:4836: $? = 0
configure:4847: result: yes
configure:4801: checking for memory.h
configure:4817: gcc -c -g -O2  conftest.c >&5
configure:4823: $? = 0
configure:4827: test -z 
			 || test ! -s conftest.err
configure:4830: $? = 0
configure:4833: test -s conftest.o
configure:4836: $? = 0
configure:4847: result: yes
configure:4801: checking for strings.h
configure:4817: gcc -c -g -O2  conftest.c >&5
configure:4823: $? = 0
configure:4827: test -z 
			 || test ! -s conftest.err
configure:4830: $? = 0
configure:4833: test -s conftest.o
configure:4836: $? = 0
configure:4847: result: yes
configure:4801: checking for inttypes.h
configure:4817: gcc -c -g -O2  conftest.c >&5
configure:4823: $? = 0
configure:4827: test -z 
			 || test ! -s conftest.err
configure:4830: $? = 0
configure:4833: test -s conftest.o
configure:4836: $? = 0
configure:4847: result: yes
configure:4801: checking for stdint.h
configure:4817: gcc -c -g -O2  conftest.c >&5
configure:4823: $? = 0
configure:4827: test -z 
			 || test ! -s conftest.err
configure:4830: $? = 0
configure:4833: test -s conftest.o
configure:4836: $? = 0
configure:4847: result: yes
configure:4801: checking for unistd.h
configure:4817: gcc -c -g -O2  conftest.c >&5
configure:4823: $? = 0
configure:4827: test -z 
			 || test ! -s conftest.err
configure:4830: $? = 0
configure:4833: test -s conftest.o
configure:4836: $? = 0
configure:4847: result: yes
configure:4873: checking wchar.h usability
configure:4885: gcc -c -g -O2  conftest.c >&5
configure:4891: $? = 0
configure:4895: test -z 
			 || test ! -s conftest.err
configure:4898: $? = 0
configure:4901: test -s conftest.o
configure:4904: $? = 0
configure:4914: result: yes
configure:4918: checking wchar.h presence
configure:4928: gcc -E  conftest.c
configure:4934: $? = 0
configure:4954: result: yes
configure:4989: checking for wchar.h
configure:4996: result: yes
configure:5033: checking sys/filio.h usability
configure:5045: gcc -c -g -O2  conftest.c >&5
conftest.c:59:23: fatal error: sys/filio.h: No such file or directory
compilation terminated.
configure:5051: $? = 1
configure: failed program was:
| /* confdefs.h.  */
| 
| #define PACKAGE_NAME ""
| #define PACKAGE_TARNAME ""
| #define PACKAGE_VERSION ""
| #define PACKAGE_STRING ""
| #define PACKAGE_BUGREPORT ""
| #define PACKAGE "xmlrpc-c"
| #define VERSION "x.xx"
| #ifdef __cplusplus
| extern "C" void exit (int) throw ();
| #endif
| #define STDC_HEADERS 1
| #define HAVE_SYS_TYPES_H 1
| #define HAVE_SYS_STAT_H 1
| #define HAVE_STDLIB_H 1
| #define HAVE_STRING_H 1
| #define HAVE_MEMORY_H 1
| #define HAVE_STRINGS_H 1
| #define HAVE_INTTYPES_H 1
| #define HAVE_STDINT_H 1
| #define HAVE_UNISTD_H 1
| #define HAVE_WCHAR_H 1
| /* end confdefs.h.  */
| #include <stdio.h>
| #if HAVE_SYS_TYPES_H
| # include <sys/types.h>
| #endif
| #if HAVE_SYS_STAT_H
| # include <sys/stat.h>
| #endif
| #if STDC_HEADERS
| # include <stdlib.h>
| # include <stddef.h>
| #else
| # if HAVE_STDLIB_H
| #  include <stdlib.h>
| # endif
| #endif
| #if HAVE_STRING_H
| # if !STDC_HEADERS && HAVE_MEMORY_H
| #  include <memory.h>
| # endif
| # include <string.h>
| #endif
| #if HAVE_STRINGS_H
| # include <strings.h>
| #endif
| #if HAVE_INTTYPES_H
| # include <inttypes.h>
| #else
| # if HAVE_STDINT_H
| #  include <stdint.h>
| # endif
| #endif
| #if HAVE_UNISTD_H
| # include <unistd.h>
| #endif
| #include <sys/filio.h>
configure:5074: result: no
configure:5078: checking sys/filio.h presence
configure:5088: gcc -E  conftest.c
conftest.c:25:23: fatal error: sys/filio.h: No such file or directory
compilation terminated.
configure:5094: $? = 1
configure: failed program was:
| /* confdefs.h.  */
| 
| #define PACKAGE_NAME ""
| #define PACKAGE_TARNAME ""
| #define PACKAGE_VERSION ""
| #define PACKAGE_STRING ""
| #define PACKAGE_BUGREPORT ""
| #define PACKAGE "xmlrpc-c"
| #define VERSION "x.xx"
| #ifdef __cplusplus
| extern "C" void exit (int) throw ();
| #endif
| #define STDC_HEADERS 1
| #define HAVE_SYS_TYPES_H 1
| #define HAVE_SYS_STAT_H 1
| #define HAVE_STDLIB_H 1
| #define HAVE_STRING_H 1
| #define HAVE_MEMORY_H 1
| #define HAVE_STRINGS_H 1
| #define HAVE_INTTYPES_H 1
| #define HAVE_STDINT_H 1
| #define HAVE_UNISTD_H 1
| #define HAVE_WCHAR_H 1
| /* end confdefs.h.  */
| #include <sys/filio.h>
configure:5114: result: no
configure:5149: checking for sys/filio.h
configure:5156: result: no
configure:5192: checking sys/ioctl.h usability
configure:5204: gcc -c -g -O2  conftest.c >&5
configure:5210: $? = 0
configure:5214: test -z 
			 || test ! -s conftest.err
configure:5217: $? = 0
configure:5220: test -s conftest.o
configure:5223: $? = 0
configure:5233: result: yes
configure:5237: checking sys/ioctl.h presence
configure:5247: gcc -E  conftest.c
configure:5253: $? = 0
configure:5273: result: yes
configure:5308: checking for sys/ioctl.h
configure:5315: result: yes
configure:5349: checking sys/select.h usability
configure:5361: gcc -c -g -O2  conftest.c >&5
configure:5367: $? = 0
configure:5371: test -z 
			 || test ! -s conftest.err
configure:5374: $? = 0
configure:5377: test -s conftest.o
configure:5380: $? = 0
configure:5390: result: yes
configure:5394: checking sys/select.h presence
configure:5404: gcc -E  conftest.c
configure:5410: $? = 0
configure:5430: result: yes
configure:5465: checking for sys/select.h
configure:5472: result: yes
configure:5507: checking stdarg.h usability
configure:5519: gcc -c -g -O2  conftest.c >&5
configure:5525: $? = 0
configure:5529: test -z 
			 || test ! -s conftest.err
configure:5532: $? = 0
configure:5535: test -s conftest.o
configure:5538: $? = 0
configure:5548: result: yes
configure:5552: checking stdarg.h presence
configure:5562: gcc -E  conftest.c
configure:5568: $? = 0
configure:5588: result: yes
configure:5623: checking for stdarg.h
configure:5630: result: yes
configure:5652: checking for size_t
configure:5676: gcc -c -g -O2  conftest.c >&5
configure:5682: $? = 0
configure:5686: test -z 
			 || test ! -s conftest.err
configure:5689: $? = 0
configure:5692: test -s conftest.o
configure:5695: $? = 0
configure:5706: result: yes
configure:5720: checking whether va_list is an array
configure:5740: gcc -c -g -O2  conftest.c >&5
configure:5746: $? = 0
configure:5750: test -z 
			 || test ! -s conftest.err
configure:5753: $? = 0
configure:5756: test -s conftest.o
configure:5759: $? = 0
configure:5769: result: no
configure:5778: checking whether compiler has __attribute__
configure:5796: gcc -c -g -O2  conftest.c >&5
configure:5802: $? = 0
configure:5806: test -z 
			 || test ! -s conftest.err
configure:5809: $? = 0
configure:5812: test -s conftest.o
configure:5815: $? = 0
configure:5825: result: yes
configure:5836: checking for vsnprintf
configure:5893: gcc -o conftest -g -O2   conftest.c  >&5
conftest.c:52:6: warning: conflicting types for built-in function 'vsnprintf' [enabled by default]
configure:5899: $? = 0
configure:5903: test -z 
			 || test ! -s conftest.err
configure:5906: $? = 0
configure:5909: test -s conftest
configure:5912: $? = 0
configure:5924: result: yes
configure:5941: checking for wcsncmp
configure:5998: gcc -o conftest -g -O2   conftest.c  >&5
configure:6004: $? = 0
configure:6008: test -z 
			 || test ! -s conftest.err
configure:6011: $? = 0
configure:6014: test -s conftest
configure:6017: $? = 0
configure:6029: result: yes
configure:6044: checking for setgroups
configure:6101: gcc -o conftest -g -O2   conftest.c  >&5
configure:6107: $? = 0
configure:6111: test -z 
			 || test ! -s conftest.err
configure:6114: $? = 0
configure:6117: test -s conftest
configure:6120: $? = 0
configure:6132: result: yes
configure:6147: checking for asprintf
configure:6204: gcc -o conftest -g -O2   conftest.c  >&5
configure:6210: $? = 0
configure:6214: test -z 
			 || test ! -s conftest.err
configure:6217: $? = 0
configure:6220: test -s conftest
configure:6223: $? = 0
configure:6235: result: yes
configure:6256: checking for setenv
configure:6313: gcc -o conftest -g -O2   conftest.c  >&5
configure:6319: $? = 0
configure:6323: test -z 
			 || test ! -s conftest.err
configure:6326: $? = 0
configure:6329: test -s conftest
configure:6332: $? = 0
configure:6344: result: yes
configure:6256: checking for strtoll
configure:6313: gcc -o conftest -g -O2   conftest.c  >&5
configure:6319: $? = 0
configure:6323: test -z 
			 || test ! -s conftest.err
configure:6326: $? = 0
configure:6329: test -s conftest
configure:6332: $? = 0
configure:6344: result: yes
configure:6256: checking for strtoull
configure:6313: gcc -o conftest -g -O2   conftest.c  >&5
configure:6319: $? = 0
configure:6323: test -z 
			 || test ! -s conftest.err
configure:6326: $? = 0
configure:6329: test -s conftest
configure:6332: $? = 0
configure:6344: result: yes
configure:6256: checking for strtoq
configure:6313: gcc -o conftest -g -O2   conftest.c  >&5
configure:6319: $? = 0
configure:6323: test -z 
			 || test ! -s conftest.err
configure:6326: $? = 0
configure:6329: test -s conftest
configure:6332: $? = 0
configure:6344: result: yes
configure:6256: checking for strtouq
configure:6313: gcc -o conftest -g -O2   conftest.c  >&5
configure:6319: $? = 0
configure:6323: test -z 
			 || test ! -s conftest.err
configure:6326: $? = 0
configure:6329: test -s conftest
configure:6332: $? = 0
configure:6344: result: yes
configure:6256: checking for __strtoll
configure:6313: gcc -o conftest -g -O2   conftest.c  >&5
/tmp/ccdisnqX.o:(.data+0x0): undefined reference to `__strtoll'
/tmp/ccdisnqX.o: In function `main':
/work/git/bluecherry-apps/onvif/rpcserver/conftest.c:76: undefined reference to `__strtoll'
collect2: ld returned 1 exit status
configure:6319: $? = 1
configure: failed program was:
| /* confdefs.h.  */
| 
| #define PACKAGE_NAME ""
| #define PACKAGE_TARNAME ""
| #define PACKAGE_VERSION ""
| #define PACKAGE_STRING ""
| #define PACKAGE_BUGREPORT ""
| #define PACKAGE "xmlrpc-c"
| #define VERSION "x.xx"
| #ifdef __cplusplus
| extern "C" void exit (int) throw ();
| #endif
| #define STDC_HEADERS 1
| #define HAVE_SYS_TYPES_H 1
| #define HAVE_SYS_STAT_H 1
| #define HAVE_STDLIB_H 1
| #define HAVE_STRING_H 1
| #define HAVE_MEMORY_H 1
| #define HAVE_STRINGS_H 1
| #define HAVE_INTTYPES_H 1
| #define HAVE_STDINT_H 1
| #define HAVE_UNISTD_H 1
| #define HAVE_WCHAR_H 1
| #define HAVE_SYS_IOCTL_H 1
| #define HAVE_SYS_SELECT_H 1
| #define HAVE_STDARG_H 1
| #define HAVE_WCSNCMP 1
| #define HAVE_SETGROUPS 1
| #define HAVE_ASPRINTF 1
| #define HAVE_SETENV 1
| #define HAVE_STRTOLL 1
| #define HAVE_STRTOULL 1
| #define HAVE_STRTOQ 1
| #define HAVE_STRTOUQ 1
| /* end confdefs.h.  */
| /* Define __strtoll to an innocuous variant, in case <limits.h> declares __strtoll.
|    For example, HP-UX 11i <limits.h> declares gettimeofday.  */
| #define __strtoll innocuous___strtoll
| 
| /* System header to define __stub macros and hopefully few prototypes,
|     which can conflict with char __strtoll (); below.
|     Prefer <limits.h> to <assert.h> if __STDC__ is defined, since
|     <limits.h> exists even on freestanding compilers.  */
| 
| #ifdef __STDC__
| # include <limits.h>
| #else
| # include <assert.h>
| #endif
| 
| #undef __strtoll
| 
| /* Override any gcc2 internal prototype to avoid an error.  */
| #ifdef __cplusplus
| extern "C"
| {
| #endif
| /* We use char because int might match the return type of a gcc2
|    builtin and then its argument prototype would still apply.  */
| char __strtoll ();
| /* The GNU C library defines this for functions which it implements
|     to always fail with ENOSYS.  Some functions are actually named
|     something starting with __ and the normal name is an alias.  */
| #if defined (__stub___strtoll) || defined (__stub_____strtoll)
| choke me
| #else
| char (*f) () = __strtoll;
| #endif
| #ifdef __cplusplus
| }
| #endif
| 
| int
| main ()
| {
| return f != __strtoll;
|   ;
|   return 0;
| }
configure:6344: result: no
configure:6256: checking for __strtoull
configure:6313: gcc -o conftest -g -O2   conftest.c  >&5
/tmp/ccVe2qA1.o:(.data+0x0): undefined reference to `__strtoull'
/tmp/ccVe2qA1.o: In function `main':
/work/git/bluecherry-apps/onvif/rpcserver/conftest.c:76: undefined reference to `__strtoull'
collect2: ld returned 1 exit status
configure:6319: $? = 1
configure: failed program was:
| /* confdefs.h.  */
| 
| #define PACKAGE_NAME ""
| #define PACKAGE_TARNAME ""
| #define PACKAGE_VERSION ""
| #define PACKAGE_STRING ""
| #define PACKAGE_BUGREPORT ""
| #define PACKAGE "xmlrpc-c"
| #define VERSION "x.xx"
| #ifdef __cplusplus
| extern "C" void exit (int) throw ();
| #endif
| #define STDC_HEADERS 1
| #define HAVE_SYS_TYPES_H 1
| #define HAVE_SYS_STAT_H 1
| #define HAVE_STDLIB_H 1
| #define HAVE_STRING_H 1
| #define HAVE_MEMORY_H 1
| #define HAVE_STRINGS_H 1
| #define HAVE_INTTYPES_H 1
| #define HAVE_STDINT_H 1
| #define HAVE_UNISTD_H 1
| #define HAVE_WCHAR_H 1
| #define HAVE_SYS_IOCTL_H 1
| #define HAVE_SYS_SELECT_H 1
| #define HAVE_STDARG_H 1
| #define HAVE_WCSNCMP 1
| #define HAVE_SETGROUPS 1
| #define HAVE_ASPRINTF 1
| #define HAVE_SETENV 1
| #define HAVE_STRTOLL 1
| #define HAVE_STRTOULL 1
| #define HAVE_STRTOQ 1
| #define HAVE_STRTOUQ 1
| /* end confdefs.h.  */
| /* Define __strtoull to an innocuous variant, in case <limits.h> declares __strtoull.
|    For example, HP-UX 11i <limits.h> declares gettimeofday.  */
| #define __strtoull innocuous___strtoull
| 
| /* System header to define __stub macros and hopefully few prototypes,
|     which can conflict with char __strtoull (); below.
|     Prefer <limits.h> to <assert.h> if __STDC__ is defined, since
|     <limits.h> exists even on freestanding compilers.  */
| 
| #ifdef __STDC__
| # include <limits.h>
| #else
| # include <assert.h>
| #endif
| 
| #undef __strtoull
| 
| /* Override any gcc2 internal prototype to avoid an error.  */
| #ifdef __cplusplus
| extern "C"
| {
| #endif
| /* We use char because int might match the return type of a gcc2
|    builtin and then its argument prototype would still apply.  */
| char __strtoull ();
| /* The GNU C library defines this for functions which it implements
|     to always fail with ENOSYS.  Some functions are actually named
|     something starting with __ and the normal name is an alias.  */
| #if defined (__stub___strtoull) || defined (__stub_____strtoull)
| choke me
| #else
| char (*f) () = __strtoull;
| #endif
| #ifdef __cplusplus
| }
| #endif
| 
| int
| main ()
| {
| return f != __strtoull;
|   ;
|   return 0;
| }
configure:6344: result: no
configure:6359: checking for pselect
configure:6416: gcc -o conftest -g -O2   conftest.c  >&5
configure:6422: $? = 0
configure:6426: test -z 
			 || test ! -s conftest.err
configure:6429: $? = 0
configure:6432: test -s conftest
configure:6435: $? = 0
configure:6447: result: yes
configure:6462: checking for gettimeofday
configure:6519: gcc -o conftest -g -O2   conftest.c  >&5
configure:6525: $? = 0
configure:6529: test -z 
			 || test ! -s conftest.err
configure:6532: $? = 0
configure:6535: test -s conftest
configure:6538: $? = 0
configure:6550: result: yes
configure:6564: checking for localtime_r
configure:6621: gcc -o conftest -g -O2   conftest.c  >&5
configure:6627: $? = 0
configure:6631: test -z 
			 || test ! -s conftest.err
configure:6634: $? = 0
configure:6637: test -s conftest
configure:6640: $? = 0
configure:6652: result: yes
configure:6666: checking for gmtime_r
configure:6723: gcc -o conftest -g -O2   conftest.c  >&5
configure:6729: $? = 0
configure:6733: test -z 
			 || test ! -s conftest.err
configure:6736: $? = 0
configure:6739: test -s conftest
configure:6742: $? = 0
configure:6754: result: yes
configure:6769: checking for strcasecmp
configure:6826: gcc -o conftest -g -O2   conftest.c  >&5
conftest.c:64:6: warning: conflicting types for built-in function 'strcasecmp' [enabled by default]
configure:6832: $? = 0
configure:6836: test -z 
			 || test ! -s conftest.err
configure:6839: $? = 0
configure:6842: test -s conftest
configure:6845: $? = 0
configure:6857: result: yes
configure:6871: checking for stricmp
configure:6928: gcc -o conftest -g -O2   conftest.c  >&5
/tmp/cc8IoZ4i.o:(.data+0x0): undefined reference to `stricmp'
/tmp/cc8IoZ4i.o: In function `main':
/work/git/bluecherry-apps/onvif/rpcserver/conftest.c:81: undefined reference to `stricmp'
collect2: ld returned 1 exit status
configure:6934: $? = 1
configure: failed program was:
| /* confdefs.h.  */
| 
| #define PACKAGE_NAME ""
| #define PACKAGE_TARNAME ""
| #define PACKAGE_VERSION ""
| #define PACKAGE_STRING ""
| #define PACKAGE_BUGREPORT ""
| #define PACKAGE "xmlrpc-c"
| #define VERSION "x.xx"
| #ifdef __cplusplus
| extern "C" void exit (int) throw ();
| #endif
| #define STDC_HEADERS 1
| #define HAVE_SYS_TYPES_H 1
| #define HAVE_SYS_STAT_H 1
| #define HAVE_STDLIB_H 1
| #define HAVE_STRING_H 1
| #define HAVE_MEMORY_H 1
| #define HAVE_STRINGS_H 1
| #define HAVE_INTTYPES_H 1
| #define HAVE_STDINT_H 1
| #define HAVE_UNISTD_H 1
| #define HAVE_WCHAR_H 1
| #define HAVE_SYS_IOCTL_H 1
| #define HAVE_SYS_SELECT_H 1
| #define HAVE_STDARG_H 1
| #define HAVE_WCSNCMP 1
| #define HAVE_SETGROUPS 1
| #define HAVE_ASPRINTF 1
| #define HAVE_SETENV 1
| #define HAVE_STRTOLL 1
| #define HAVE_STRTOULL 1
| #define HAVE_STRTOQ 1
| #define HAVE_STRTOUQ 1
| #define HAVE_PSELECT 1
| #define HAVE_GETTIMEOFDAY 1
| #define HAVE_LOCALTIME_R 1
| #define HAVE_GMTIME_R 1
| #define HAVE_STRCASECMP 1
| /* end confdefs.h.  */
| /* Define stricmp to an innocuous variant, in case <limits.h> declares stricmp.
|    For example, HP-UX 11i <limits.h> declares gettimeofday.  */
| #define stricmp innocuous_stricmp
| 
| /* System header to define __stub macros and hopefully few prototypes,
|     which can conflict with char stricmp (); below.
|     Prefer <limits.h> to <assert.h> if __STDC__ is defined, since
|     <limits.h> exists even on freestanding compilers.  */
| 
| #ifdef __STDC__
| # include <limits.h>
| #else
| # include <assert.h>
| #endif
| 
| #undef stricmp
| 
| /* Override any gcc2 internal prototype to avoid an error.  */
| #ifdef __cplusplus
| extern "C"
| {
| #endif
| /* We use char because int might match the return type of a gcc2
|    builtin and then its argument prototype would still apply.  */
| char stricmp ();
| /* The GNU C library defines this for functions which it implements
|     to always fail with ENOSYS.  Some functions are actually named
|     something starting with __ and the normal name is an alias.  */
| #if defined (__stub_stricmp) || defined (__stub___stricmp)
| choke me
| #else
| char (*f) () = stricmp;
| #endif
| #ifdef __cplusplus
| }
| #endif
| 
| int
| main ()
| {
| return f != stricmp;
|   ;
|   return 0;
| }
configure:6959: result: no
configure:6973: checking for _stricmp
configure:7030: gcc -o conftest -g -O2   conftest.c  >&5
/tmp/ccBux2lp.o:(.data+0x0): undefined reference to `_stricmp'
/tmp/ccBux2lp.o: In function `main':
/work/git/bluecherry-apps/onvif/rpcserver/conftest.c:81: undefined reference to `_stricmp'
collect2: ld returned 1 exit status
configure:7036: $? = 1
configure: failed program was:
| /* confdefs.h.  */
| 
| #define PACKAGE_NAME ""
| #define PACKAGE_TARNAME ""
| #define PACKAGE_VERSION ""
| #define PACKAGE_STRING ""
| #define PACKAGE_BUGREPORT ""
| #define PACKAGE "xmlrpc-c"
| #define VERSION "x.xx"
| #ifdef __cplusplus
| extern "C" void exit (int) throw ();
| #endif
| #define STDC_HEADERS 1
| #define HAVE_SYS_TYPES_H 1
| #define HAVE_SYS_STAT_H 1
| #define HAVE_STDLIB_H 1
| #define HAVE_STRING_H 1
| #define HAVE_MEMORY_H 1
| #define HAVE_STRINGS_H 1
| #define HAVE_INTTYPES_H 1
| #define HAVE_STDINT_H 1
| #define HAVE_UNISTD_H 1
| #define HAVE_WCHAR_H 1
| #define HAVE_SYS_IOCTL_H 1
| #define HAVE_SYS_SELECT_H 1
| #define HAVE_STDARG_H 1
| #define HAVE_WCSNCMP 1
| #define HAVE_SETGROUPS 1
| #define HAVE_ASPRINTF 1
| #define HAVE_SETENV 1
| #define HAVE_STRTOLL 1
| #define HAVE_STRTOULL 1
| #define HAVE_STRTOQ 1
| #define HAVE_STRTOUQ 1
| #define HAVE_PSELECT 1
| #define HAVE_GETTIMEOFDAY 1
| #define HAVE_LOCALTIME_R 1
| #define HAVE_GMTIME_R 1
| #define HAVE_STRCASECMP 1
| /* end confdefs.h.  */
| /* Define _stricmp to an innocuous variant, in case <limits.h> declares _stricmp.
|    For example, HP-UX 11i <limits.h> declares gettimeofday.  */
| #define _stricmp innocuous__stricmp
| 
| /* System header to define __stub macros and hopefully few prototypes,
|     which can conflict with char _stricmp (); below.
|     Prefer <limits.h> to <assert.h> if __STDC__ is defined, since
|     <limits.h> exists even on freestanding compilers.  */
| 
| #ifdef __STDC__
| # include <limits.h>
| #else
| # include <assert.h>
| #endif
| 
| #undef _stricmp
| 
| /* Override any gcc2 internal prototype to avoid an error.  */
| #ifdef __cplusplus
| extern "C"
| {
| #endif
| /* We use char because int might match the return type of a gcc2
|    builtin and then its argument prototype would still apply.  */
| char _stricmp ();
| /* The GNU C library defines this for functions which it implements
|     to always fail with ENOSYS.  Some functions are actually named
|     something starting with __ and the normal name is an alias.  */
| #if defined (__stub__stricmp) || defined (__stub____stricmp)
| choke me
| #else
| char (*f) () = _stricmp;
| #endif
| #ifdef __cplusplus
| }
| #endif
| 
| int
| main ()
| {
| return f != _stricmp;
|   ;
|   return 0;
| }
configure:7061: result: no
configure:7078: checking whether to use Abyss pthread function
configure:7087: result: yes
configure:7402: checking whether to use SSL with libwww
configure:7409: result: no
configure:7423: checking whether to build the libxml2 backend
configure:7425: result: no
configure:7587: creating ./config.status

## ---------------------- ##
## Running config.status. ##
## ---------------------- ##

This file was extended by config.status, which was
generated by GNU Autoconf 2.59.  Invocation command line was

  CONFIG_FILES    = 
  CONFIG_HEADERS  = 
  CONFIG_LINKS    = 
  CONFIG_COMMANDS = 
  $ ./config.status 

on ubuntu-96

config.status:743: creating srcdir.mk
config.status:743: creating config.mk
config.status:743: creating xmlrpc_config.h
config.status:847: creating xmlrpc_amconfig.h
config.status:1145: executing default-1 commands
configure:8834: ==>
configure:8836: ==>We are not building any client XML transport (see earlier messages explaining why), therefore WE WILL NOT BUILD THE CLIENT LIBRARY.
configure:8838: ==>

## ---------------- ##
## Cache variables. ##
## ---------------- ##

ac_cv_build=i686-pc-linux-gnu
ac_cv_build_alias=i686-pc-linux-gnu
ac_cv_c_compiler_gnu=yes
ac_cv_cxx_compiler_gnu=yes
ac_cv_env_CC_set=
ac_cv_env_CC_value=
ac_cv_env_CFLAGS_set=
ac_cv_env_CFLAGS_value=
ac_cv_env_CPPFLAGS_set=
ac_cv_env_CPPFLAGS_value=
ac_cv_env_CPP_set=
ac_cv_env_CPP_value=
ac_cv_env_CXXFLAGS_set=
ac_cv_env_CXXFLAGS_value=
ac_cv_env_CXX_set=
ac_cv_env_CXX_value=
ac_cv_env_LDFLAGS_set=
ac_cv_env_LDFLAGS_value=
ac_cv_env_build_alias_set=
ac_cv_env_build_alias_value=
ac_cv_env_host_alias_set=
ac_cv_env_host_alias_value=
ac_cv_env_target_alias_set=
ac_cv_env_target_alias_value=
ac_cv_exeext=
ac_cv_func___strtoll=no
ac_cv_func___strtoull=no
ac_cv_func__stricmp=no
ac_cv_func_asprintf=yes
ac_cv_func_gettimeofday=yes
ac_cv_func_gmtime_r=yes
ac_cv_func_localtime_r=yes
ac_cv_func_pselect=yes
ac_cv_func_setenv=yes
ac_cv_func_setgroups=yes
ac_cv_func_socket=yes
ac_cv_func_strcasecmp=yes
ac_cv_func_stricmp=no
ac_cv_func_strtoll=yes
ac_cv_func_strtoq=yes
ac_cv_func_strtoull=yes
ac_cv_func_strtouq=yes
ac_cv_func_vsnprintf=yes
ac_cv_func_wcsncmp=yes
ac_cv_header_inttypes_h=yes
ac_cv_header_memory_h=yes
ac_cv_header_stdarg_h=yes
ac_cv_header_stdc=yes
ac_cv_header_stdint_h=yes
ac_cv_header_stdlib_h=yes
ac_cv_header_string_h=yes
ac_cv_header_strings_h=yes
ac_cv_header_sys_filio_h=no
ac_cv_header_sys_ioctl_h=yes
ac_cv_header_sys_select_h=yes
ac_cv_header_sys_stat_h=yes
ac_cv_header_sys_types_h=yes
ac_cv_header_unistd_h=yes
ac_cv_header_wchar_h=yes
ac_cv_host=i686-pc-linux-gnu
ac_cv_host_alias=i686-pc-linux-gnu
ac_cv_lib_ncurses_main=no
ac_cv_lib_readline_main=no
ac_cv_objext=o
ac_cv_path_install='/usr/bin/install -c'
ac_cv_prog_CPP='gcc -E'
ac_cv_prog_ac_ct_CC=gcc
ac_cv_prog_ac_ct_CXX=g++
ac_cv_prog_cc_g=yes
ac_cv_prog_cc_stdc=
ac_cv_prog_cxx_g=yes
ac_cv_prog_egrep='grep -E'
ac_cv_prog_have_curl_config=no
ac_cv_prog_have_libwww_config=no
ac_cv_prog_have_wininet_config=no
ac_cv_prog_make_make_set=yes
ac_cv_type_size_t=yes

## ----------------- ##
## Output variables. ##
## ----------------- ##

ABYSS_SUBDIR='abyss'
ACLOCAL='aclocal'
ASYNCH_CLIENT='asynch_client'
ATTR_UNUSED='__attribute__((__unused__))'
AUTH_CLIENT='auth_client'
AUTOCONF='autoconf'
AUTOHEADER='autoheader'
AUTOMAKE='automake'
BUILDDIR='/work/git/bluecherry-apps/onvif/rpcserver'
BUILD_TOOLS='no'
BUILD_XMLRPC_PSTREAM='no'
CC='gcc'
CC_WARN_FLAGS=''
CFLAGS='-g -O2 -D_THREAD'
CLIENTTEST='clienttest'
CPP='gcc -E'
CPPFLAGS=''
CPPTEST='cpptest'
CPP_WARN_FLAGS=''
CURL_CONFIG=''
CURL_LDADD=''
CURL_LIBDIR=''
CURL_RPATH=''
CURL_WL_RPATH=''
CXX='g++'
CXXFLAGS='-g -O2'
CXX_COMPILER_GNU='yes'
C_COMPILER_GNU='yes'
DEFS='-DHAVE_CONFIG_H'
DIRECTORY_SEPARATOR='/'
ECHO_C=''
ECHO_N='-n'
ECHO_T=''
EGREP='grep -E'
ENABLE_ABYSS_SERVER='yes'
ENABLE_ABYSS_THREADS='yes'
ENABLE_CGI_SERVER='yes'
ENABLE_CPLUSPLUS='yes'
ENABLE_LIBXML2_BACKEND='no'
EXEEXT=''
FEATURE_LIST='c++ abyss-server '
HAVE_LIBWWW_SSL_DEFINE='0'
HAVE_SYS_FILIO_H_DEFINE='0'
HAVE_SYS_IOCTL_H_DEFINE='1'
HAVE_SYS_SELECT_H_DEFINE='1'
HAVE_WCHAR_H_DEFINE='1'
INSTALL_DATA='${INSTALL} -m 644'
INSTALL_PROGRAM='${INSTALL}'
INSTALL_SCRIPT='${INSTALL}'
LDFLAGS=''
LIBOBJS=''
LIBS=''
LIBWWW_CONFIG=''
LIBWWW_LDADD=''
LIBWWW_LIBDIR=''
LIBWWW_RPATH=''
LIBWWW_WL_RPATH=''
LIBXMLRPC_CPP_A='libxmlrpc_cpp.a'
LSOCKET=''
LTLIBOBJS=''
MAKEINFO='/work/git/bluecherry-apps/onvif/rpcserver/missing makeinfo'
MUST_BUILD_CURL_CLIENT='no'
MUST_BUILD_LIBWWW_CLIENT='no'
MUST_BUILD_WININET_CLIENT='no'
OBJEXT='o'
PACKAGE='xmlrpc-c'
PACKAGE_BUGREPORT=''
PACKAGE_NAME=''
PACKAGE_STRING=''
PACKAGE_TARNAME=''
PACKAGE_VERSION=''
PATH_SEPARATOR=':'
QUERY_MEERKAT='query-meerkat'
SERVER='server'
SERVERTEST='servertest'
SET_MAKE=''
SHELL='/bin/bash'
SYNCH_CLIENT='synch_client'
VALIDATEE='validatee'
VA_LIST_IS_ARRAY_DEFINE='0'
VERSION='x.xx'
WININET_CFLAGS=''
WININET_CONFIG=''
WININET_LDADD=''
WININET_LIBDIR=''
WININET_RPATH=''
WININET_WL_RPATH=''
XMLRPCCPP_H='XmlRpcCpp.h'
XMLRPC_ABYSS_H='xmlrpc_abyss.h'
XMLRPC_CLIENT_H='xmlrpc_client.h'
XMLRPC_TRANSPORT_H='xmlrpc_transport.h'
XML_RPC_API2CPP_SUBDIR=''
ac_ct_CC='gcc'
ac_ct_CXX='g++'
bindir='${exec_prefix}/bin'
build='i686-pc-linux-gnu'
build_alias=''
build_cpu='i686'
build_os='linux-gnu'
build_vendor='pc'
datadir='${prefix}/share'
exec_prefix='${prefix}'
have_curl_config='no'
have_libwww_config='no'
have_wininet_config='no'
have_xml2_config=''
host='i686-pc-linux-gnu'
host_alias=''
host_cpu='i686'
host_os='linux-gnu'
host_vendor='pc'
includedir='${prefix}/include'
infodir='${prefix}/info'
libdir='${exec_prefix}/lib'
libexecdir='${exec_prefix}/libexec'
localstatedir='${prefix}/var'
mandir='${prefix}/man'
oldincludedir='/usr/include'
prefix='/usr/local'
program_transform_name='s,x,x,'
sbindir='${exec_prefix}/sbin'
sharedstatedir='${prefix}/com'
sysconfdir='${prefix}/etc'
target_alias=''

## ----------- ##
## confdefs.h. ##
## ----------- ##

#define HAVE_ASPRINTF 1
#define HAVE_GETTIMEOFDAY 1
#define HAVE_GMTIME_R 1
#define HAVE_INTTYPES_H 1
#define HAVE_LOCALTIME_R 1
#define HAVE_MEMORY_H 1
#define HAVE_PSELECT 1
#define HAVE_SETENV 1
#define HAVE_SETGROUPS 1
#define HAVE_STDARG_H 1
#define HAVE_STDINT_H 1
#define HAVE_STDLIB_H 1
#define HAVE_STRCASECMP 1
#define HAVE_STRINGS_H 1
#define HAVE_STRING_H 1
#define HAVE_STRTOLL 1
#define HAVE_STRTOQ 1
#define HAVE_STRTOULL 1
#define HAVE_STRTOUQ 1
#define HAVE_SYS_IOCTL_H 1
#define HAVE_SYS_SELECT_H 1
#define HAVE_SYS_STAT_H 1
#define HAVE_SYS_TYPES_H 1
#define HAVE_UNISTD_H 1
#define HAVE_WCHAR_H 1
#define HAVE_WCSNCMP 1
#define PACKAGE "xmlrpc-c"
#define PACKAGE_BUGREPORT ""
#define PACKAGE_NAME ""
#define PACKAGE_STRING ""
#define PACKAGE_TARNAME ""
#define PACKAGE_VERSION ""
#define STDC_HEADERS 1
#define VERSION "x.xx"
#endif
#ifdef __cplusplus
extern "C" void exit (int) throw ();

configure: exit 0
